running egg_info
writing ../../build/path_recorder/path_recorder.egg-info/PKG-INFO
writing dependency_links to ../../build/path_recorder/path_recorder.egg-info/dependency_links.txt
writing entry points to ../../build/path_recorder/path_recorder.egg-info/entry_points.txt
writing requirements to ../../build/path_recorder/path_recorder.egg-info/requires.txt
writing top-level names to ../../build/path_recorder/path_recorder.egg-info/top_level.txt
reading manifest file '../../build/path_recorder/path_recorder.egg-info/SOURCES.txt'
writing manifest file '../../build/path_recorder/path_recorder.egg-info/SOURCES.txt'
running build
running build_py
copying path_recorder/path_to_csv_recorder.py -> /home/rhmona/robot_ws/build/path_recorder/build/lib/path_recorder
running install
running install_lib
copying /home/rhmona/robot_ws/build/path_recorder/build/lib/path_recorder/path_to_csv_recorder.py -> /home/rhmona/robot_ws/install/path_recorder/lib/python3.10/site-packages/path_recorder
byte-compiling /home/rhmona/robot_ws/install/path_recorder/lib/python3.10/site-packages/path_recorder/path_to_csv_recorder.py to path_to_csv_recorder.cpython-310.pyc
running install_data
running install_egg_info
removing '/home/rhmona/robot_ws/install/path_recorder/lib/python3.10/site-packages/path_recorder-0.0.0-py3.10.egg-info' (and everything under it)
Copying ../../build/path_recorder/path_recorder.egg-info to /home/rhmona/robot_ws/install/path_recorder/lib/python3.10/site-packages/path_recorder-0.0.0-py3.10.egg-info
running install_scripts
Installing path_to_csv_recorder script to /home/rhmona/robot_ws/install/path_recorder/lib/path_recorder
writing list of installed files to '/home/rhmona/robot_ws/build/path_recorder/install.log'
