[1.364s] Invoking command in '/home/rhmona/robot_ws/src/path_recorder': PYTHONPATH=/home/rhmona/robot_ws/build/path_recorder/prefix_override:/usr/lib/python3/dist-packages/colcon_core/task/python/colcon_distutils_commands:/home/rhmona/robot_ws/install/path_recorder/lib/python3.10/site-packages:${PYTHONPATH} /usr/bin/python3 -W ignore:setup.py install is deprecated -W ignore:easy_install command is deprecated setup.py egg_info --egg-base ../../build/path_recorder build --build-base /home/rhmona/robot_ws/build/path_recorder/build install --record /home/rhmona/robot_ws/build/path_recorder/install.log --single-version-externally-managed install_data
[1.499s] running egg_info
[1.499s] writing ../../build/path_recorder/path_recorder.egg-info/PKG-INFO
[1.500s] writing dependency_links to ../../build/path_recorder/path_recorder.egg-info/dependency_links.txt
[1.500s] writing entry points to ../../build/path_recorder/path_recorder.egg-info/entry_points.txt
[1.500s] writing requirements to ../../build/path_recorder/path_recorder.egg-info/requires.txt
[1.500s] writing top-level names to ../../build/path_recorder/path_recorder.egg-info/top_level.txt
[1.500s] reading manifest file '../../build/path_recorder/path_recorder.egg-info/SOURCES.txt'
[1.501s] writing manifest file '../../build/path_recorder/path_recorder.egg-info/SOURCES.txt'
[1.501s] running build
[1.501s] running build_py
[1.501s] running install
[1.501s] running install_lib
[1.502s] running install_data
[1.502s] running install_egg_info
[1.503s] removing '/home/rhmona/robot_ws/install/path_recorder/lib/python3.10/site-packages/path_recorder-0.0.0-py3.10.egg-info' (and everything under it)
[1.503s] Copying ../../build/path_recorder/path_recorder.egg-info to /home/rhmona/robot_ws/install/path_recorder/lib/python3.10/site-packages/path_recorder-0.0.0-py3.10.egg-info
[1.542s] running install_scripts
[1.555s] Installing path_to_csv_recorder script to /home/rhmona/robot_ws/install/path_recorder/lib/path_recorder
[1.555s] writing list of installed files to '/home/rhmona/robot_ws/build/path_recorder/install.log'
[1.573s] Invoked command in '/home/rhmona/robot_ws/src/path_recorder' returned '0': PYTHONPATH=/home/rhmona/robot_ws/build/path_recorder/prefix_override:/usr/lib/python3/dist-packages/colcon_core/task/python/colcon_distutils_commands:/home/rhmona/robot_ws/install/path_recorder/lib/python3.10/site-packages:${PYTHONPATH} /usr/bin/python3 -W ignore:setup.py install is deprecated -W ignore:easy_install command is deprecated setup.py egg_info --egg-base ../../build/path_recorder build --build-base /home/rhmona/robot_ws/build/path_recorder/build install --record /home/rhmona/robot_ws/build/path_recorder/install.log --single-version-externally-managed install_data
