[0.552s] Invoking command in '/home/rhmona/robot_ws/src/turtlesim_replay': PYTHONPATH=/home/rhmona/robot_ws/build/turtlesim_replay/prefix_override:/usr/lib/python3/dist-packages/colcon_core/task/python/colcon_distutils_commands:/home/rhmona/robot_ws/install/turtlesim_replay/lib/python3.10/site-packages:${PYTHONPATH} /usr/bin/python3 -W ignore:setup.py install is deprecated -W ignore:easy_install command is deprecated setup.py egg_info --egg-base ../../build/turtlesim_replay build --build-base /home/rhmona/robot_ws/build/turtlesim_replay/build install --record /home/rhmona/robot_ws/build/turtlesim_replay/install.log --single-version-externally-managed install_data
[0.678s] running egg_info
[0.678s] writing ../../build/turtlesim_replay/turtlesim_replay.egg-info/PKG-INFO
[0.678s] writing dependency_links to ../../build/turtlesim_replay/turtlesim_replay.egg-info/dependency_links.txt
[0.678s] writing entry points to ../../build/turtlesim_replay/turtlesim_replay.egg-info/entry_points.txt
[0.678s] writing requirements to ../../build/turtlesim_replay/turtlesim_replay.egg-info/requires.txt
[0.678s] writing top-level names to ../../build/turtlesim_replay/turtlesim_replay.egg-info/top_level.txt
[0.679s] reading manifest file '../../build/turtlesim_replay/turtlesim_replay.egg-info/SOURCES.txt'
[0.680s] writing manifest file '../../build/turtlesim_replay/turtlesim_replay.egg-info/SOURCES.txt'
[0.680s] running build
[0.680s] running build_py
[0.680s] running install
[0.680s] running install_lib
[0.681s] running install_data
[0.681s] running install_egg_info
[0.682s] removing '/home/rhmona/robot_ws/install/turtlesim_replay/lib/python3.10/site-packages/turtlesim_replay-0.0.0-py3.10.egg-info' (and everything under it)
[0.682s] Copying ../../build/turtlesim_replay/turtlesim_replay.egg-info to /home/rhmona/robot_ws/install/turtlesim_replay/lib/python3.10/site-packages/turtlesim_replay-0.0.0-py3.10.egg-info
[0.682s] running install_scripts
[0.694s] Installing perfect_replay script to /home/rhmona/robot_ws/install/turtlesim_replay/lib/turtlesim_replay
[0.694s] Installing turtlesim_player script to /home/rhmona/robot_ws/install/turtlesim_replay/lib/turtlesim_replay
[0.694s] writing list of installed files to '/home/rhmona/robot_ws/build/turtlesim_replay/install.log'
[0.708s] Invoked command in '/home/rhmona/robot_ws/src/turtlesim_replay' returned '0': PYTHONPATH=/home/rhmona/robot_ws/build/turtlesim_replay/prefix_override:/usr/lib/python3/dist-packages/colcon_core/task/python/colcon_distutils_commands:/home/rhmona/robot_ws/install/turtlesim_replay/lib/python3.10/site-packages:${PYTHONPATH} /usr/bin/python3 -W ignore:setup.py install is deprecated -W ignore:easy_install command is deprecated setup.py egg_info --egg-base ../../build/turtlesim_replay build --build-base /home/rhmona/robot_ws/build/turtlesim_replay/build install --record /home/rhmona/robot_ws/build/turtlesim_replay/install.log --single-version-externally-managed install_data
