[0.017s] Invoking command in '/home/rhmona/robot_ws/build/my_robot_description': CMAKE_PREFIX_PATH=/opt/ros/humble /usr/bin/cmake --build /home/rhmona/robot_ws/build/my_robot_description -- -j16 -l16
[0.306s] Invoked command in '/home/rhmona/robot_ws/build/my_robot_description' returned '0': CMAKE_PREFIX_PATH=/opt/ros/humble /usr/bin/cmake --build /home/rhmona/robot_ws/build/my_robot_description -- -j16 -l16
[0.306s] Invoking command in '/home/rhmona/robot_ws/build/my_robot_description': CMAKE_PREFIX_PATH=/opt/ros/humble /usr/bin/cmake --install /home/rhmona/robot_ws/build/my_robot_description
[0.314s] -- Install configuration: ""
[0.314s] -- Up-to-date: /home/rhmona/robot_ws/install/my_robot_description/share/my_robot_description/urdf
[0.315s] -- Installing: /home/rhmona/robot_ws/install/my_robot_description/share/my_robot_description/urdf/my_robot.urdf.xacro
[0.315s] -- Up-to-date: /home/rhmona/robot_ws/install/my_robot_description/share/my_robot_description/launch
[0.315s] -- Up-to-date: /home/rhmona/robot_ws/install/my_robot_description/share/my_robot_description/worlds
[0.315s] -- Up-to-date: /home/rhmona/robot_ws/install/my_robot_description/share/my_robot_description/worlds/my_world.world
[0.315s] -- Up-to-date: /home/rhmona/robot_ws/install/my_robot_description/share/ament_index/resource_index/package_run_dependencies/my_robot_description
[0.315s] -- Up-to-date: /home/rhmona/robot_ws/install/my_robot_description/share/ament_index/resource_index/parent_prefix_path/my_robot_description
[0.315s] -- Up-to-date: /home/rhmona/robot_ws/install/my_robot_description/share/my_robot_description/environment/ament_prefix_path.sh
[0.315s] -- Up-to-date: /home/rhmona/robot_ws/install/my_robot_description/share/my_robot_description/environment/ament_prefix_path.dsv
[0.315s] -- Up-to-date: /home/rhmona/robot_ws/install/my_robot_description/share/my_robot_description/environment/path.sh
[0.316s] -- Up-to-date: /home/rhmona/robot_ws/install/my_robot_description/share/my_robot_description/environment/path.dsv
[0.316s] -- Up-to-date: /home/rhmona/robot_ws/install/my_robot_description/share/my_robot_description/local_setup.bash
[0.316s] -- Up-to-date: /home/rhmona/robot_ws/install/my_robot_description/share/my_robot_description/local_setup.sh
[0.316s] -- Up-to-date: /home/rhmona/robot_ws/install/my_robot_description/share/my_robot_description/local_setup.zsh
[0.316s] -- Up-to-date: /home/rhmona/robot_ws/install/my_robot_description/share/my_robot_description/local_setup.dsv
[0.316s] -- Installing: /home/rhmona/robot_ws/install/my_robot_description/share/my_robot_description/package.dsv
[0.316s] -- Up-to-date: /home/rhmona/robot_ws/install/my_robot_description/share/ament_index/resource_index/packages/my_robot_description
[0.316s] -- Up-to-date: /home/rhmona/robot_ws/install/my_robot_description/share/my_robot_description/cmake/my_robot_descriptionConfig.cmake
[0.316s] -- Up-to-date: /home/rhmona/robot_ws/install/my_robot_description/share/my_robot_description/cmake/my_robot_descriptionConfig-version.cmake
[0.316s] -- Up-to-date: /home/rhmona/robot_ws/install/my_robot_description/share/my_robot_description/package.xml
[0.333s] Invoked command in '/home/rhmona/robot_ws/build/my_robot_description' returned '0': CMAKE_PREFIX_PATH=/opt/ros/humble /usr/bin/cmake --install /home/rhmona/robot_ws/build/my_robot_description
