[0.011s] Invoking command in '/home/rhmona/robot_ws/build/my_robot_bringup': CMAKE_PREFIX_PATH=/opt/ros/humble /usr/bin/cmake /home/rhmona/robot_ws/src/my_robot_bringup -DCMAKE_INSTALL_PREFIX=/home/rhmona/robot_ws/install/my_robot_bringup
[0.170s] -- The C compiler identification is GNU 11.4.0
[0.170s] -- The CXX compiler identification is GNU 11.4.0
[0.170s] -- Detecting C compiler ABI info
[0.170s] -- Detecting C compiler ABI info - done
[0.170s] -- Check for working C compiler: /usr/bin/cc - skipped
[0.170s] -- Detecting C compile features
[0.170s] -- Detecting C compile features - done
[0.171s] -- Detecting CXX compiler ABI info
[0.231s] -- Detecting CXX compiler ABI info - done
[0.237s] -- Check for working CXX compiler: /usr/bin/c++ - skipped
[0.237s] -- Detecting CXX compile features
[0.237s] -- Detecting CXX compile features - done
[0.238s] -- Found ament_cmake: 1.3.12 (/opt/ros/humble/share/ament_cmake/cmake)
[0.376s] -- Found Python3: /usr/bin/python3 (found version "3.10.12") found components: Interpreter 
[0.442s] -- Found ament_lint_auto: 0.12.14 (/opt/ros/humble/share/ament_lint_auto/cmake)
[0.517s] -- Added test 'flake8' to check Python code syntax and style conventions
[0.517s] -- Added test 'lint_cmake' to check CMake code style
[0.517s] -- Added test 'pep257' to check Python code against some of the docstring style conventions in PEP 257
[0.518s] -- Added test 'xmllint' to check XML markup files
[0.519s] -- Configuring done
[0.522s] -- Generating done
[0.524s] -- Build files have been written to: /home/rhmona/robot_ws/build/my_robot_bringup
[0.528s] Invoked command in '/home/rhmona/robot_ws/build/my_robot_bringup' returned '0': CMAKE_PREFIX_PATH=/opt/ros/humble /usr/bin/cmake /home/rhmona/robot_ws/src/my_robot_bringup -DCMAKE_INSTALL_PREFIX=/home/rhmona/robot_ws/install/my_robot_bringup
[0.531s] Invoking command in '/home/rhmona/robot_ws/build/my_robot_bringup': CMAKE_PREFIX_PATH=/opt/ros/humble /usr/bin/cmake --build /home/rhmona/robot_ws/build/my_robot_bringup -- -j16 -l16
[0.557s] Invoked command in '/home/rhmona/robot_ws/build/my_robot_bringup' returned '0': CMAKE_PREFIX_PATH=/opt/ros/humble /usr/bin/cmake --build /home/rhmona/robot_ws/build/my_robot_bringup -- -j16 -l16
[0.559s] Invoking command in '/home/rhmona/robot_ws/build/my_robot_bringup': CMAKE_PREFIX_PATH=/opt/ros/humble /usr/bin/cmake --install /home/rhmona/robot_ws/build/my_robot_bringup
[0.566s] -- Install configuration: ""
[0.566s] -- Installing: /home/rhmona/robot_ws/install/my_robot_bringup/share/ament_index/resource_index/package_run_dependencies/my_robot_bringup
[0.566s] -- Installing: /home/rhmona/robot_ws/install/my_robot_bringup/share/ament_index/resource_index/parent_prefix_path/my_robot_bringup
[0.566s] -- Installing: /home/rhmona/robot_ws/install/my_robot_bringup/share/my_robot_bringup/environment/ament_prefix_path.sh
[0.566s] -- Installing: /home/rhmona/robot_ws/install/my_robot_bringup/share/my_robot_bringup/environment/ament_prefix_path.dsv
[0.566s] -- Installing: /home/rhmona/robot_ws/install/my_robot_bringup/share/my_robot_bringup/environment/path.sh
[0.566s] -- Installing: /home/rhmona/robot_ws/install/my_robot_bringup/share/my_robot_bringup/environment/path.dsv
[0.567s] -- Installing: /home/rhmona/robot_ws/install/my_robot_bringup/share/my_robot_bringup/local_setup.bash
[0.567s] -- Installing: /home/rhmona/robot_ws/install/my_robot_bringup/share/my_robot_bringup/local_setup.sh
[0.567s] -- Installing: /home/rhmona/robot_ws/install/my_robot_bringup/share/my_robot_bringup/local_setup.zsh
[0.567s] -- Installing: /home/rhmona/robot_ws/install/my_robot_bringup/share/my_robot_bringup/local_setup.dsv
[0.567s] -- Installing: /home/rhmona/robot_ws/install/my_robot_bringup/share/my_robot_bringup/package.dsv
[0.567s] -- Installing: /home/rhmona/robot_ws/install/my_robot_bringup/share/ament_index/resource_index/packages/my_robot_bringup
[0.567s] -- Installing: /home/rhmona/robot_ws/install/my_robot_bringup/share/my_robot_bringup/cmake/my_robot_bringupConfig.cmake
[0.567s] -- Installing: /home/rhmona/robot_ws/install/my_robot_bringup/share/my_robot_bringup/cmake/my_robot_bringupConfig-version.cmake
[0.567s] -- Installing: /home/rhmona/robot_ws/install/my_robot_bringup/share/my_robot_bringup/package.xml
[0.567s] -- Installing: /home/rhmona/robot_ws/install/my_robot_bringup/share/my_robot_bringup/launch
[0.567s] -- Installing: /home/rhmona/robot_ws/install/my_robot_bringup/share/my_robot_bringup/launch/gazebo.launch.py
[0.568s] -- Installing: /home/rhmona/robot_ws/install/my_robot_bringup/share/my_robot_bringup/launch/slam.launch.py
[0.568s] -- Installing: /home/rhmona/robot_ws/install/my_robot_bringup/share/my_robot_bringup/launch/navigation.launch.py
[0.568s] -- Installing: /home/rhmona/robot_ws/install/my_robot_bringup/share/my_robot_bringup/maps
[0.568s] -- Installing: /home/rhmona/robot_ws/install/my_robot_bringup/share/my_robot_bringup/maps/my_map.pgm
[0.568s] -- Installing: /home/rhmona/robot_ws/install/my_robot_bringup/share/my_robot_bringup/maps/my_map.yaml
[0.568s] -- Installing: /home/rhmona/robot_ws/install/my_robot_bringup/share/my_robot_bringup/config
[0.568s] -- Installing: /home/rhmona/robot_ws/install/my_robot_bringup/share/my_robot_bringup/config/my_nav2_params.yaml
[0.572s] Invoked command in '/home/rhmona/robot_ws/build/my_robot_bringup' returned '0': CMAKE_PREFIX_PATH=/opt/ros/humble /usr/bin/cmake --install /home/rhmona/robot_ws/build/my_robot_bringup
