running egg_info
writing ../../build/turtlesim_replay/turtlesim_replay.egg-info/PKG-INFO
writing dependency_links to ../../build/turtlesim_replay/turtlesim_replay.egg-info/dependency_links.txt
writing entry points to ../../build/turtlesim_replay/turtlesim_replay.egg-info/entry_points.txt
writing requirements to ../../build/turtlesim_replay/turtlesim_replay.egg-info/requires.txt
writing top-level names to ../../build/turtlesim_replay/turtlesim_replay.egg-info/top_level.txt
reading manifest file '../../build/turtlesim_replay/turtlesim_replay.egg-info/SOURCES.txt'
writing manifest file '../../build/turtlesim_replay/turtlesim_replay.egg-info/SOURCES.txt'
running build
running build_py
running install
running install_lib
running install_data
running install_egg_info
removing '/home/rhmona/robot_ws/install/turtlesim_replay/lib/python3.10/site-packages/turtlesim_replay-0.0.0-py3.10.egg-info' (and everything under it)
Copying ../../build/turtlesim_replay/turtlesim_replay.egg-info to /home/rhmona/robot_ws/install/turtlesim_replay/lib/python3.10/site-packages/turtlesim_replay-0.0.0-py3.10.egg-info
running install_scripts
Installing perfect_replay script to /home/rhmona/robot_ws/install/turtlesim_replay/lib/turtlesim_replay
Installing turtlesim_player script to /home/rhmona/robot_ws/install/turtlesim_replay/lib/turtlesim_replay
writing list of installed files to '/home/rhmona/robot_ws/build/turtlesim_replay/install.log'
