-- Install configuration: ""
-- Up-to-date: /home/rhmona/robot_ws/install/edges_description/share/edges_description/urdf
-- Up-to-date: /home/rhmona/robot_ws/install/edges_description/share/edges_description/urdf/material.xacro
-- Up-to-date: /home/rhmona/robot_ws/install/edges_description/share/edges_description/urdf/edges_mobile_robot.xacro
-- Up-to-date: /home/rhmona/robot_ws/install/edges_description/share/edges_description/urdf/desktop.ini
-- Up-to-date: /home/rhmona/robot_ws/install/edges_description/share/edges_description/urdf/edges_gazebo.xacro
-- Up-to-date: /home/rhmona/robot_ws/install/edges_description/share/edges_description/urdf/edges.urdf.xacro
-- Up-to-date: /home/rhmona/robot_ws/install/edges_description/share/edges_description/urdf/lidar.xacro
-- Up-to-date: /home/rhmona/robot_ws/install/edges_description/share/edges_description/rviz
-- Up-to-date: /home/rhmona/robot_ws/install/edges_description/share/edges_description/rviz/desktop.ini
-- Up-to-date: /home/rhmona/robot_ws/install/edges_description/share/edges_description/rviz/edges_config.rviz
-- Up-to-date: /home/rhmona/robot_ws/install/edges_description/share/edges_description/worlds
-- Up-to-date: /home/rhmona/robot_ws/install/edges_description/share/edges_description/worlds/desktop.ini
-- Up-to-date: /home/rhmona/robot_ws/install/edges_description/share/edges_description/worlds/Test.world
-- Up-to-date: /home/rhmona/robot_ws/install/edges_description/share/edges_description/worlds/x.world
-- Up-to-date: /home/rhmona/robot_ws/install/edges_description/share/ament_index/resource_index/package_run_dependencies/edges_description
-- Up-to-date: /home/rhmona/robot_ws/install/edges_description/share/ament_index/resource_index/parent_prefix_path/edges_description
-- Up-to-date: /home/rhmona/robot_ws/install/edges_description/share/edges_description/environment/ament_prefix_path.sh
-- Up-to-date: /home/rhmona/robot_ws/install/edges_description/share/edges_description/environment/ament_prefix_path.dsv
-- Up-to-date: /home/rhmona/robot_ws/install/edges_description/share/edges_description/environment/path.sh
-- Up-to-date: /home/rhmona/robot_ws/install/edges_description/share/edges_description/environment/path.dsv
-- Up-to-date: /home/rhmona/robot_ws/install/edges_description/share/edges_description/local_setup.bash
-- Up-to-date: /home/rhmona/robot_ws/install/edges_description/share/edges_description/local_setup.sh
-- Up-to-date: /home/rhmona/robot_ws/install/edges_description/share/edges_description/local_setup.zsh
-- Up-to-date: /home/rhmona/robot_ws/install/edges_description/share/edges_description/local_setup.dsv
-- Up-to-date: /home/rhmona/robot_ws/install/edges_description/share/edges_description/package.dsv
-- Up-to-date: /home/rhmona/robot_ws/install/edges_description/share/ament_index/resource_index/packages/edges_description
-- Up-to-date: /home/rhmona/robot_ws/install/edges_description/share/edges_description/cmake/edges_descriptionConfig.cmake
-- Up-to-date: /home/rhmona/robot_ws/install/edges_description/share/edges_description/cmake/edges_descriptionConfig-version.cmake
-- Up-to-date: /home/rhmona/robot_ws/install/edges_description/share/edges_description/package.xml
