[0.024s] Invoking command in '/home/rhmona/robot_ws/build/edges_bringup': CMAKE_PREFIX_PATH=/opt/ros/humble /usr/bin/cmake --build /home/rhmona/robot_ws/build/edges_bringup -- -j16 -l16
[0.317s] Invoked command in '/home/rhmona/robot_ws/build/edges_bringup' returned '0': CMAKE_PREFIX_PATH=/opt/ros/humble /usr/bin/cmake --build /home/rhmona/robot_ws/build/edges_bringup -- -j16 -l16
[0.319s] Invoking command in '/home/rhmona/robot_ws/build/edges_bringup': CMAKE_PREFIX_PATH=/opt/ros/humble /usr/bin/cmake --install /home/rhmona/robot_ws/build/edges_bringup
[0.327s] -- Install configuration: ""
[0.327s] -- Up-to-date: /home/rhmona/robot_ws/install/edges_bringup/share/edges_bringup//launch
[0.327s] -- Up-to-date: /home/rhmona/robot_ws/install/edges_bringup/share/edges_bringup//launch/desktop.ini
[0.327s] -- Up-to-date: /home/rhmona/robot_ws/install/edges_bringup/share/edges_bringup//launch/edges_gazebo.launch.py
[0.327s] -- Up-to-date: /home/rhmona/robot_ws/install/edges_bringup/share/ament_index/resource_index/package_run_dependencies/edges_bringup
[0.327s] -- Up-to-date: /home/rhmona/robot_ws/install/edges_bringup/share/ament_index/resource_index/parent_prefix_path/edges_bringup
[0.327s] -- Up-to-date: /home/rhmona/robot_ws/install/edges_bringup/share/edges_bringup/environment/ament_prefix_path.sh
[0.327s] -- Up-to-date: /home/rhmona/robot_ws/install/edges_bringup/share/edges_bringup/environment/ament_prefix_path.dsv
[0.327s] -- Up-to-date: /home/rhmona/robot_ws/install/edges_bringup/share/edges_bringup/environment/path.sh
[0.327s] -- Up-to-date: /home/rhmona/robot_ws/install/edges_bringup/share/edges_bringup/environment/path.dsv
[0.327s] -- Up-to-date: /home/rhmona/robot_ws/install/edges_bringup/share/edges_bringup/local_setup.bash
[0.327s] -- Up-to-date: /home/rhmona/robot_ws/install/edges_bringup/share/edges_bringup/local_setup.sh
[0.327s] -- Up-to-date: /home/rhmona/robot_ws/install/edges_bringup/share/edges_bringup/local_setup.zsh
[0.327s] -- Up-to-date: /home/rhmona/robot_ws/install/edges_bringup/share/edges_bringup/local_setup.dsv
[0.327s] -- Installing: /home/rhmona/robot_ws/install/edges_bringup/share/edges_bringup/package.dsv
[0.327s] -- Up-to-date: /home/rhmona/robot_ws/install/edges_bringup/share/ament_index/resource_index/packages/edges_bringup
[0.327s] -- Up-to-date: /home/rhmona/robot_ws/install/edges_bringup/share/edges_bringup/cmake/edges_bringupConfig.cmake
[0.327s] -- Up-to-date: /home/rhmona/robot_ws/install/edges_bringup/share/edges_bringup/cmake/edges_bringupConfig-version.cmake
[0.327s] -- Up-to-date: /home/rhmona/robot_ws/install/edges_bringup/share/edges_bringup/package.xml
[0.350s] Invoked command in '/home/rhmona/robot_ws/build/edges_bringup' returned '0': CMAKE_PREFIX_PATH=/opt/ros/humble /usr/bin/cmake --install /home/rhmona/robot_ws/build/edges_bringup
