[0.238s] DEBUG:colcon:Command line arguments: ['/usr/bin/colcon', 'build', '--packages-select', 'my_robot_bringup']
[0.238s] DEBUG:colcon:Parsed command line arguments: Namespace(log_base=None, log_level=None, verb_name='build', build_base='build', install_base='install', merge_install=False, symlink_install=False, test_result_base=None, continue_on_error=False, executor='parallel', parallel_workers=16, event_handlers=None, ignore_user_meta=False, metas=['./colcon.meta'], base_paths=['.'], packages_ignore=None, packages_ignore_regex=None, paths=None, packages_up_to=None, packages_up_to_regex=None, packages_above=None, packages_above_and_dependencies=None, packages_above_depth=None, packages_select_by_dep=None, packages_skip_by_dep=None, packages_skip_up_to=None, packages_select_build_failed=False, packages_skip_build_finished=False, packages_select_test_failures=False, packages_skip_test_passed=False, packages_select=['my_robot_bringup'], packages_skip=None, packages_select_regex=None, packages_skip_regex=None, packages_start=None, packages_end=None, allow_overriding=[], cmake_args=None, cmake_target=None, cmake_target_skip_unavailable=False, cmake_clean_cache=False, cmake_clean_first=False, cmake_force_configure=False, ament_cmake_args=None, catkin_cmake_args=None, catkin_skip_building_tests=False, mixin_files=None, mixin=None, verb_parser=<colcon_mixin.mixin.mixin_argument.MixinArgumentDecorator object at 0x7b666d4625c0>, verb_extension=<colcon_core.verb.build.BuildVerb object at 0x7b666d462050>, main=<bound method BuildVerb.main of <colcon_core.verb.build.BuildVerb object at 0x7b666d462050>>, mixin_verb=('build',))
[5.200s] Level 1:colcon.colcon_core.package_discovery:discover_packages(colcon_meta) check parameters
[5.200s] Level 1:colcon.colcon_core.package_discovery:discover_packages(recursive) check parameters
[5.200s] Level 1:colcon.colcon_core.package_discovery:discover_packages(ignore) check parameters
[5.201s] Level 1:colcon.colcon_core.package_discovery:discover_packages(path) check parameters
[5.201s] Level 1:colcon.colcon_core.package_discovery:discover_packages(colcon_meta) discover
[5.201s] Level 1:colcon.colcon_core.package_discovery:discover_packages(recursive) discover
[5.201s] INFO:colcon.colcon_core.package_discovery:Crawling recursively for packages in '/home/rhmona/robot_ws'
[5.201s] Level 1:colcon.colcon_core.package_identification:_identify(.) by extensions ['ignore', 'ignore_ament_install']
[5.201s] Level 1:colcon.colcon_core.package_identification:_identify(.) by extension 'ignore'
[5.201s] Level 1:colcon.colcon_core.package_identification:_identify(.) by extension 'ignore_ament_install'
[5.201s] Level 1:colcon.colcon_core.package_identification:_identify(.) by extensions ['colcon_pkg']
[5.201s] Level 1:colcon.colcon_core.package_identification:_identify(.) by extension 'colcon_pkg'
[5.201s] Level 1:colcon.colcon_core.package_identification:_identify(.) by extensions ['colcon_meta']
[5.201s] Level 1:colcon.colcon_core.package_identification:_identify(.) by extension 'colcon_meta'
[5.201s] Level 1:colcon.colcon_core.package_identification:_identify(.) by extensions ['ros']
[5.201s] Level 1:colcon.colcon_core.package_identification:_identify(.) by extension 'ros'
[5.207s] Level 1:colcon.colcon_core.package_identification:_identify(.) by extensions ['cmake', 'python']
[5.207s] Level 1:colcon.colcon_core.package_identification:_identify(.) by extension 'cmake'
[5.207s] Level 1:colcon.colcon_core.package_identification:_identify(.) by extension 'python'
[5.207s] Level 1:colcon.colcon_core.package_identification:_identify(.) by extensions ['python_setup_py']
[5.207s] Level 1:colcon.colcon_core.package_identification:_identify(.) by extension 'python_setup_py'
[5.207s] Level 1:colcon.colcon_core.package_identification:_identify(build) by extensions ['ignore', 'ignore_ament_install']
[5.207s] Level 1:colcon.colcon_core.package_identification:_identify(build) by extension 'ignore'
[5.207s] Level 1:colcon.colcon_core.package_identification:_identify(build) ignored
[5.207s] Level 1:colcon.colcon_core.package_identification:_identify(install) by extensions ['ignore', 'ignore_ament_install']
[5.207s] Level 1:colcon.colcon_core.package_identification:_identify(install) by extension 'ignore'
[5.207s] Level 1:colcon.colcon_core.package_identification:_identify(install) ignored
[5.207s] Level 1:colcon.colcon_core.package_identification:_identify(log) by extensions ['ignore', 'ignore_ament_install']
[5.207s] Level 1:colcon.colcon_core.package_identification:_identify(log) by extension 'ignore'
[5.207s] Level 1:colcon.colcon_core.package_identification:_identify(log) ignored
[5.207s] Level 1:colcon.colcon_core.package_identification:_identify(src) by extensions ['ignore', 'ignore_ament_install']
[5.207s] Level 1:colcon.colcon_core.package_identification:_identify(src) by extension 'ignore'
[5.207s] Level 1:colcon.colcon_core.package_identification:_identify(src) by extension 'ignore_ament_install'
[5.207s] Level 1:colcon.colcon_core.package_identification:_identify(src) by extensions ['colcon_pkg']
[5.207s] Level 1:colcon.colcon_core.package_identification:_identify(src) by extension 'colcon_pkg'
[5.207s] Level 1:colcon.colcon_core.package_identification:_identify(src) by extensions ['colcon_meta']
[5.207s] Level 1:colcon.colcon_core.package_identification:_identify(src) by extension 'colcon_meta'
[5.208s] Level 1:colcon.colcon_core.package_identification:_identify(src) by extensions ['ros']
[5.208s] Level 1:colcon.colcon_core.package_identification:_identify(src) by extension 'ros'
[5.208s] Level 1:colcon.colcon_core.package_identification:_identify(src) by extensions ['cmake', 'python']
[5.208s] Level 1:colcon.colcon_core.package_identification:_identify(src) by extension 'cmake'
[5.208s] Level 1:colcon.colcon_core.package_identification:_identify(src) by extension 'python'
[5.208s] Level 1:colcon.colcon_core.package_identification:_identify(src) by extensions ['python_setup_py']
[5.208s] Level 1:colcon.colcon_core.package_identification:_identify(src) by extension 'python_setup_py'
[5.208s] Level 1:colcon.colcon_core.package_identification:_identify(src/edges_bringup) by extensions ['ignore', 'ignore_ament_install']
[5.208s] Level 1:colcon.colcon_core.package_identification:_identify(src/edges_bringup) by extension 'ignore'
[5.208s] Level 1:colcon.colcon_core.package_identification:_identify(src/edges_bringup) by extension 'ignore_ament_install'
[5.208s] Level 1:colcon.colcon_core.package_identification:_identify(src/edges_bringup) by extensions ['colcon_pkg']
[5.208s] Level 1:colcon.colcon_core.package_identification:_identify(src/edges_bringup) by extension 'colcon_pkg'
[5.208s] Level 1:colcon.colcon_core.package_identification:_identify(src/edges_bringup) by extensions ['colcon_meta']
[5.208s] Level 1:colcon.colcon_core.package_identification:_identify(src/edges_bringup) by extension 'colcon_meta'
[5.208s] Level 1:colcon.colcon_core.package_identification:_identify(src/edges_bringup) by extensions ['ros']
[5.208s] Level 1:colcon.colcon_core.package_identification:_identify(src/edges_bringup) by extension 'ros'
[5.233s] DEBUG:colcon.colcon_core.package_identification:Package 'src/edges_bringup' with type 'ros.ament_cmake' and name 'edges_bringup'
[5.233s] Level 1:colcon.colcon_core.package_identification:_identify(src/edges_description) by extensions ['ignore', 'ignore_ament_install']
[5.233s] Level 1:colcon.colcon_core.package_identification:_identify(src/edges_description) by extension 'ignore'
[5.233s] Level 1:colcon.colcon_core.package_identification:_identify(src/edges_description) by extension 'ignore_ament_install'
[5.233s] Level 1:colcon.colcon_core.package_identification:_identify(src/edges_description) by extensions ['colcon_pkg']
[5.233s] Level 1:colcon.colcon_core.package_identification:_identify(src/edges_description) by extension 'colcon_pkg'
[5.233s] Level 1:colcon.colcon_core.package_identification:_identify(src/edges_description) by extensions ['colcon_meta']
[5.233s] Level 1:colcon.colcon_core.package_identification:_identify(src/edges_description) by extension 'colcon_meta'
[5.233s] Level 1:colcon.colcon_core.package_identification:_identify(src/edges_description) by extensions ['ros']
[5.233s] Level 1:colcon.colcon_core.package_identification:_identify(src/edges_description) by extension 'ros'
[5.234s] DEBUG:colcon.colcon_core.package_identification:Package 'src/edges_description' with type 'ros.ament_cmake' and name 'edges_description'
[5.234s] Level 1:colcon.colcon_core.package_identification:_identify(src/my_robot_bringup) by extensions ['ignore', 'ignore_ament_install']
[5.234s] Level 1:colcon.colcon_core.package_identification:_identify(src/my_robot_bringup) by extension 'ignore'
[5.234s] Level 1:colcon.colcon_core.package_identification:_identify(src/my_robot_bringup) by extension 'ignore_ament_install'
[5.234s] Level 1:colcon.colcon_core.package_identification:_identify(src/my_robot_bringup) by extensions ['colcon_pkg']
[5.234s] Level 1:colcon.colcon_core.package_identification:_identify(src/my_robot_bringup) by extension 'colcon_pkg'
[5.234s] Level 1:colcon.colcon_core.package_identification:_identify(src/my_robot_bringup) by extensions ['colcon_meta']
[5.234s] Level 1:colcon.colcon_core.package_identification:_identify(src/my_robot_bringup) by extension 'colcon_meta'
[5.234s] Level 1:colcon.colcon_core.package_identification:_identify(src/my_robot_bringup) by extensions ['ros']
[5.234s] Level 1:colcon.colcon_core.package_identification:_identify(src/my_robot_bringup) by extension 'ros'
[5.247s] DEBUG:colcon.colcon_core.package_identification:Package 'src/my_robot_bringup' with type 'ros.ament_cmake' and name 'my_robot_bringup'
[5.247s] Level 1:colcon.colcon_core.package_identification:_identify(src/my_robot_description) by extensions ['ignore', 'ignore_ament_install']
[5.247s] Level 1:colcon.colcon_core.package_identification:_identify(src/my_robot_description) by extension 'ignore'
[5.247s] Level 1:colcon.colcon_core.package_identification:_identify(src/my_robot_description) by extension 'ignore_ament_install'
[5.247s] Level 1:colcon.colcon_core.package_identification:_identify(src/my_robot_description) by extensions ['colcon_pkg']
[5.247s] Level 1:colcon.colcon_core.package_identification:_identify(src/my_robot_description) by extension 'colcon_pkg'
[5.247s] Level 1:colcon.colcon_core.package_identification:_identify(src/my_robot_description) by extensions ['colcon_meta']
[5.247s] Level 1:colcon.colcon_core.package_identification:_identify(src/my_robot_description) by extension 'colcon_meta'
[5.247s] Level 1:colcon.colcon_core.package_identification:_identify(src/my_robot_description) by extensions ['ros']
[5.247s] Level 1:colcon.colcon_core.package_identification:_identify(src/my_robot_description) by extension 'ros'
[5.248s] DEBUG:colcon.colcon_core.package_identification:Package 'src/my_robot_description' with type 'ros.ament_cmake' and name 'my_robot_description'
[5.248s] Level 1:colcon.colcon_core.package_identification:_identify(src/path_recorder) by extensions ['ignore', 'ignore_ament_install']
[5.248s] Level 1:colcon.colcon_core.package_identification:_identify(src/path_recorder) by extension 'ignore'
[5.248s] Level 1:colcon.colcon_core.package_identification:_identify(src/path_recorder) by extension 'ignore_ament_install'
[5.248s] Level 1:colcon.colcon_core.package_identification:_identify(src/path_recorder) by extensions ['colcon_pkg']
[5.248s] Level 1:colcon.colcon_core.package_identification:_identify(src/path_recorder) by extension 'colcon_pkg'
[5.248s] Level 1:colcon.colcon_core.package_identification:_identify(src/path_recorder) by extensions ['colcon_meta']
[5.248s] Level 1:colcon.colcon_core.package_identification:_identify(src/path_recorder) by extension 'colcon_meta'
[5.248s] Level 1:colcon.colcon_core.package_identification:_identify(src/path_recorder) by extensions ['ros']
[5.248s] Level 1:colcon.colcon_core.package_identification:_identify(src/path_recorder) by extension 'ros'
[5.249s] DEBUG:colcon.colcon_core.package_identification:Package 'src/path_recorder' with type 'ros.ament_python' and name 'path_recorder'
[5.249s] Level 1:colcon.colcon_core.package_identification:_identify(src/turtlesim_replay) by extensions ['ignore', 'ignore_ament_install']
[5.249s] Level 1:colcon.colcon_core.package_identification:_identify(src/turtlesim_replay) by extension 'ignore'
[5.249s] Level 1:colcon.colcon_core.package_identification:_identify(src/turtlesim_replay) by extension 'ignore_ament_install'
[5.249s] Level 1:colcon.colcon_core.package_identification:_identify(src/turtlesim_replay) by extensions ['colcon_pkg']
[5.249s] Level 1:colcon.colcon_core.package_identification:_identify(src/turtlesim_replay) by extension 'colcon_pkg'
[5.249s] Level 1:colcon.colcon_core.package_identification:_identify(src/turtlesim_replay) by extensions ['colcon_meta']
[5.249s] Level 1:colcon.colcon_core.package_identification:_identify(src/turtlesim_replay) by extension 'colcon_meta'
[5.249s] Level 1:colcon.colcon_core.package_identification:_identify(src/turtlesim_replay) by extensions ['ros']
[5.249s] Level 1:colcon.colcon_core.package_identification:_identify(src/turtlesim_replay) by extension 'ros'
[5.250s] DEBUG:colcon.colcon_core.package_identification:Package 'src/turtlesim_replay' with type 'ros.ament_python' and name 'turtlesim_replay'
[5.250s] Level 1:colcon.colcon_core.package_discovery:discover_packages(recursive) using defaults
[5.250s] Level 1:colcon.colcon_core.package_discovery:discover_packages(ignore) discover
[5.250s] Level 1:colcon.colcon_core.package_discovery:discover_packages(ignore) using defaults
[5.250s] Level 1:colcon.colcon_core.package_discovery:discover_packages(path) discover
[5.250s] Level 1:colcon.colcon_core.package_discovery:discover_packages(path) using defaults
[5.534s] INFO:colcon.colcon_core.package_selection:Skipping not selected package 'edges_bringup' in 'src/edges_bringup'
[5.534s] INFO:colcon.colcon_core.package_selection:Skipping not selected package 'edges_description' in 'src/edges_description'
[5.534s] INFO:colcon.colcon_core.package_selection:Skipping not selected package 'my_robot_description' in 'src/my_robot_description'
[5.534s] INFO:colcon.colcon_core.package_selection:Skipping not selected package 'path_recorder' in 'src/path_recorder'
[5.534s] INFO:colcon.colcon_core.package_selection:Skipping not selected package 'turtlesim_replay' in 'src/turtlesim_replay'
[5.546s] Level 1:colcon.colcon_core.package_discovery:discover_packages(prefix_path) check parameters
[5.546s] Level 1:colcon.colcon_core.package_discovery:discover_packages(prefix_path) discover
[5.548s] DEBUG:colcon.colcon_installed_package_information.package_discovery:Found 324 installed packages in /opt/ros/humble
[5.549s] Level 1:colcon.colcon_core.package_discovery:discover_packages(prefix_path) using defaults
[5.579s] Level 5:colcon.colcon_core.verb:set package 'my_robot_bringup' build argument 'cmake_args' from command line to 'None'
[5.579s] Level 5:colcon.colcon_core.verb:set package 'my_robot_bringup' build argument 'cmake_target' from command line to 'None'
[5.579s] Level 5:colcon.colcon_core.verb:set package 'my_robot_bringup' build argument 'cmake_target_skip_unavailable' from command line to 'False'
[5.579s] Level 5:colcon.colcon_core.verb:set package 'my_robot_bringup' build argument 'cmake_clean_cache' from command line to 'False'
[5.579s] Level 5:colcon.colcon_core.verb:set package 'my_robot_bringup' build argument 'cmake_clean_first' from command line to 'False'
[5.579s] Level 5:colcon.colcon_core.verb:set package 'my_robot_bringup' build argument 'cmake_force_configure' from command line to 'False'
[5.579s] Level 5:colcon.colcon_core.verb:set package 'my_robot_bringup' build argument 'ament_cmake_args' from command line to 'None'
[5.579s] Level 5:colcon.colcon_core.verb:set package 'my_robot_bringup' build argument 'catkin_cmake_args' from command line to 'None'
[5.579s] Level 5:colcon.colcon_core.verb:set package 'my_robot_bringup' build argument 'catkin_skip_building_tests' from command line to 'False'
[5.579s] DEBUG:colcon.colcon_core.verb:Building package 'my_robot_bringup' with the following arguments: {'ament_cmake_args': None, 'build_base': '/home/rhmona/robot_ws/build/my_robot_bringup', 'catkin_cmake_args': None, 'catkin_skip_building_tests': False, 'cmake_args': None, 'cmake_clean_cache': False, 'cmake_clean_first': False, 'cmake_force_configure': False, 'cmake_target': None, 'cmake_target_skip_unavailable': False, 'install_base': '/home/rhmona/robot_ws/install/my_robot_bringup', 'merge_install': False, 'path': '/home/rhmona/robot_ws/src/my_robot_bringup', 'symlink_install': False, 'test_result_base': None}
[5.579s] INFO:colcon.colcon_core.executor:Executing jobs using 'parallel' executor
[5.579s] DEBUG:colcon.colcon_parallel_executor.executor.parallel:run_until_complete
[5.580s] INFO:colcon.colcon_ros.task.ament_cmake.build:Building ROS package in '/home/rhmona/robot_ws/src/my_robot_bringup' with build type 'ament_cmake'
[5.580s] INFO:colcon.colcon_cmake.task.cmake.build:Building CMake package in '/home/rhmona/robot_ws/src/my_robot_bringup'
[5.597s] INFO:colcon.colcon_core.plugin_system:Skipping extension 'colcon_core.shell.bat': Not used on non-Windows systems
[5.597s] INFO:colcon.colcon_core.shell:Skip shell extension 'powershell' for command environment: Not usable outside of PowerShell
[5.597s] DEBUG:colcon.colcon_core.shell:Skip shell extension 'dsv' for command environment
[5.649s] DEBUG:colcon.colcon_core.event_handler.log_command:Invoking command in '/home/rhmona/robot_ws/build/my_robot_bringup': CMAKE_PREFIX_PATH=/opt/ros/humble /usr/bin/cmake --build /home/rhmona/robot_ws/build/my_robot_bringup -- -j16 -l16
[6.102s] DEBUG:colcon.colcon_core.event_handler.log_command:Invoked command in '/home/rhmona/robot_ws/build/my_robot_bringup' returned '0': CMAKE_PREFIX_PATH=/opt/ros/humble /usr/bin/cmake --build /home/rhmona/robot_ws/build/my_robot_bringup -- -j16 -l16
[6.110s] DEBUG:colcon.colcon_core.event_handler.log_command:Invoking command in '/home/rhmona/robot_ws/build/my_robot_bringup': CMAKE_PREFIX_PATH=/opt/ros/humble /usr/bin/cmake --install /home/rhmona/robot_ws/build/my_robot_bringup
[6.144s] Level 1:colcon.colcon_core.environment:create_environment_scripts_only(my_robot_bringup)
[6.144s] DEBUG:colcon.colcon_core.event_handler.log_command:Invoked command in '/home/rhmona/robot_ws/build/my_robot_bringup' returned '0': CMAKE_PREFIX_PATH=/opt/ros/humble /usr/bin/cmake --install /home/rhmona/robot_ws/build/my_robot_bringup
[6.214s] Level 1:colcon.colcon_core.environment:checking '/home/rhmona/robot_ws/install/my_robot_bringup' for CMake module files
[6.215s] Level 1:colcon.colcon_core.environment:checking '/home/rhmona/robot_ws/install/my_robot_bringup' for CMake config files
[6.215s] Level 1:colcon.colcon_core.shell:create_environment_hook('my_robot_bringup', 'cmake_prefix_path')
[6.215s] INFO:colcon.colcon_core.shell:Creating environment hook '/home/rhmona/robot_ws/install/my_robot_bringup/share/my_robot_bringup/hook/cmake_prefix_path.ps1'
[6.227s] INFO:colcon.colcon_core.shell:Creating environment descriptor '/home/rhmona/robot_ws/install/my_robot_bringup/share/my_robot_bringup/hook/cmake_prefix_path.dsv'
[6.238s] INFO:colcon.colcon_core.shell:Creating environment hook '/home/rhmona/robot_ws/install/my_robot_bringup/share/my_robot_bringup/hook/cmake_prefix_path.sh'
[6.238s] Level 1:colcon.colcon_core.environment:checking '/home/rhmona/robot_ws/install/my_robot_bringup/bin'
[6.238s] Level 1:colcon.colcon_core.environment:checking '/home/rhmona/robot_ws/install/my_robot_bringup/lib/pkgconfig/my_robot_bringup.pc'
[6.239s] Level 1:colcon.colcon_core.environment:checking '/home/rhmona/robot_ws/install/my_robot_bringup/lib/python3.10/site-packages'
[6.239s] Level 1:colcon.colcon_core.environment:checking '/home/rhmona/robot_ws/install/my_robot_bringup/bin'
[6.239s] INFO:colcon.colcon_core.shell:Creating package script '/home/rhmona/robot_ws/install/my_robot_bringup/share/my_robot_bringup/package.ps1'
[6.240s] INFO:colcon.colcon_core.shell:Creating package descriptor '/home/rhmona/robot_ws/install/my_robot_bringup/share/my_robot_bringup/package.dsv'
[6.240s] INFO:colcon.colcon_core.shell:Creating package script '/home/rhmona/robot_ws/install/my_robot_bringup/share/my_robot_bringup/package.sh'
[6.241s] INFO:colcon.colcon_core.shell:Creating package script '/home/rhmona/robot_ws/install/my_robot_bringup/share/my_robot_bringup/package.bash'
[6.254s] INFO:colcon.colcon_core.shell:Creating package script '/home/rhmona/robot_ws/install/my_robot_bringup/share/my_robot_bringup/package.zsh'
[6.255s] Level 1:colcon.colcon_core.environment:create_file_with_runtime_dependencies(/home/rhmona/robot_ws/install/my_robot_bringup/share/colcon-core/packages/my_robot_bringup)
[6.255s] Level 1:colcon.colcon_core.environment:create_environment_scripts_only(my_robot_bringup)
[6.255s] Level 1:colcon.colcon_core.environment:checking '/home/rhmona/robot_ws/install/my_robot_bringup' for CMake module files
[6.255s] Level 1:colcon.colcon_core.environment:checking '/home/rhmona/robot_ws/install/my_robot_bringup' for CMake config files
[6.255s] Level 1:colcon.colcon_core.shell:create_environment_hook('my_robot_bringup', 'cmake_prefix_path')
[6.256s] INFO:colcon.colcon_core.shell:Creating environment hook '/home/rhmona/robot_ws/install/my_robot_bringup/share/my_robot_bringup/hook/cmake_prefix_path.ps1'
[6.256s] INFO:colcon.colcon_core.shell:Creating environment descriptor '/home/rhmona/robot_ws/install/my_robot_bringup/share/my_robot_bringup/hook/cmake_prefix_path.dsv'
[6.256s] INFO:colcon.colcon_core.shell:Creating environment hook '/home/rhmona/robot_ws/install/my_robot_bringup/share/my_robot_bringup/hook/cmake_prefix_path.sh'
[6.256s] Level 1:colcon.colcon_core.environment:checking '/home/rhmona/robot_ws/install/my_robot_bringup/bin'
[6.256s] Level 1:colcon.colcon_core.environment:checking '/home/rhmona/robot_ws/install/my_robot_bringup/lib/pkgconfig/my_robot_bringup.pc'
[6.256s] Level 1:colcon.colcon_core.environment:checking '/home/rhmona/robot_ws/install/my_robot_bringup/lib/python3.10/site-packages'
[6.256s] Level 1:colcon.colcon_core.environment:checking '/home/rhmona/robot_ws/install/my_robot_bringup/bin'
[6.257s] INFO:colcon.colcon_core.shell:Creating package script '/home/rhmona/robot_ws/install/my_robot_bringup/share/my_robot_bringup/package.ps1'
[6.257s] INFO:colcon.colcon_core.shell:Creating package descriptor '/home/rhmona/robot_ws/install/my_robot_bringup/share/my_robot_bringup/package.dsv'
[6.257s] INFO:colcon.colcon_core.shell:Creating package script '/home/rhmona/robot_ws/install/my_robot_bringup/share/my_robot_bringup/package.sh'
[6.257s] INFO:colcon.colcon_core.shell:Creating package script '/home/rhmona/robot_ws/install/my_robot_bringup/share/my_robot_bringup/package.bash'
[6.257s] INFO:colcon.colcon_core.shell:Creating package script '/home/rhmona/robot_ws/install/my_robot_bringup/share/my_robot_bringup/package.zsh'
[6.258s] Level 1:colcon.colcon_core.environment:create_file_with_runtime_dependencies(/home/rhmona/robot_ws/install/my_robot_bringup/share/colcon-core/packages/my_robot_bringup)
[6.258s] DEBUG:colcon.colcon_parallel_executor.executor.parallel:closing loop
[6.258s] DEBUG:colcon.colcon_parallel_executor.executor.parallel:loop closed
[6.258s] DEBUG:colcon.colcon_parallel_executor.executor.parallel:run_until_complete finished with '0'
[6.258s] DEBUG:colcon.colcon_core.event_reactor:joining thread
[6.284s] INFO:colcon.colcon_core.plugin_system:Skipping extension 'colcon_notification.desktop_notification.terminal_notifier': Not used on non-Darwin systems
[6.284s] INFO:colcon.colcon_core.plugin_system:Skipping extension 'colcon_notification.desktop_notification.win32': Not used on non-Windows systems
[6.284s] INFO:colcon.colcon_notification.desktop_notification:Sending desktop notification using 'notify2'
[6.295s] DEBUG:colcon.colcon_core.event_reactor:joined thread
[6.295s] INFO:colcon.colcon_core.shell:Creating prefix script '/home/rhmona/robot_ws/install/local_setup.ps1'
[6.319s] INFO:colcon.colcon_core.shell:Creating prefix util module '/home/rhmona/robot_ws/install/_local_setup_util_ps1.py'
[6.328s] INFO:colcon.colcon_core.shell:Creating prefix chain script '/home/rhmona/robot_ws/install/setup.ps1'
[6.329s] INFO:colcon.colcon_core.shell:Creating prefix script '/home/rhmona/robot_ws/install/local_setup.sh'
[6.329s] INFO:colcon.colcon_core.shell:Creating prefix util module '/home/rhmona/robot_ws/install/_local_setup_util_sh.py'
[6.330s] INFO:colcon.colcon_core.shell:Creating prefix chain script '/home/rhmona/robot_ws/install/setup.sh'
[6.331s] INFO:colcon.colcon_core.shell:Creating prefix script '/home/rhmona/robot_ws/install/local_setup.bash'
[6.331s] INFO:colcon.colcon_core.shell:Creating prefix chain script '/home/rhmona/robot_ws/install/setup.bash'
[6.332s] INFO:colcon.colcon_core.shell:Creating prefix script '/home/rhmona/robot_ws/install/local_setup.zsh'
[6.332s] INFO:colcon.colcon_core.shell:Creating prefix chain script '/home/rhmona/robot_ws/install/setup.zsh'
