[0.010s] Invoking command in '/home/rhmona/robot_ws/build/my_robot_description': CMAKE_PREFIX_PATH=/opt/ros/humble /usr/bin/cmake /home/rhmona/robot_ws/src/my_robot_description -DCMAKE_INSTALL_PREFIX=/home/rhmona/robot_ws/install/my_robot_description
[0.168s] -- The C compiler identification is GNU 11.4.0
[0.168s] -- The CXX compiler identification is GNU 11.4.0
[0.168s] -- Detecting C compiler ABI info
[0.168s] -- Detecting C compiler ABI info - done
[0.169s] -- Check for working C compiler: /usr/bin/cc - skipped
[0.169s] -- Detecting C compile features
[0.169s] -- Detecting C compile features - done
[0.171s] -- Detecting CXX compiler ABI info
[0.233s] -- Detecting CXX compiler ABI info - done
[0.241s] -- Check for working CXX compiler: /usr/bin/c++ - skipped
[0.241s] -- Detecting CXX compile features
[0.241s] -- Detecting CXX compile features - done
[0.243s] -- Found ament_cmake: 1.3.12 (/opt/ros/humble/share/ament_cmake/cmake)
[0.357s] -- Found Python3: /usr/bin/python3 (found version "3.10.12") found components: Interpreter 
[0.417s] -- Found urdf: 2.6.1 (/opt/ros/humble/share/urdf/cmake)
[0.446s] -- Found xacro: 2.1.1 (/opt/ros/humble/share/xacro/cmake)
[0.447s] -- Found ament_lint_auto: 0.12.14 (/opt/ros/humble/share/ament_lint_auto/cmake)
[0.500s] -- Added test 'lint_cmake' to check CMake code style
[0.503s] -- Added test 'xmllint' to check XML markup files
[0.503s] -- Configuring done
[0.505s] -- Generating done
[0.507s] -- Build files have been written to: /home/rhmona/robot_ws/build/my_robot_description
[0.514s] Invoked command in '/home/rhmona/robot_ws/build/my_robot_description' returned '0': CMAKE_PREFIX_PATH=/opt/ros/humble /usr/bin/cmake /home/rhmona/robot_ws/src/my_robot_description -DCMAKE_INSTALL_PREFIX=/home/rhmona/robot_ws/install/my_robot_description
[0.515s] Invoking command in '/home/rhmona/robot_ws/build/my_robot_description': CMAKE_PREFIX_PATH=/opt/ros/humble /usr/bin/cmake --build /home/rhmona/robot_ws/build/my_robot_description -- -j16 -l16
[0.548s] Invoked command in '/home/rhmona/robot_ws/build/my_robot_description' returned '0': CMAKE_PREFIX_PATH=/opt/ros/humble /usr/bin/cmake --build /home/rhmona/robot_ws/build/my_robot_description -- -j16 -l16
[0.549s] Invoking command in '/home/rhmona/robot_ws/build/my_robot_description': CMAKE_PREFIX_PATH=/opt/ros/humble /usr/bin/cmake --install /home/rhmona/robot_ws/build/my_robot_description
[0.556s] -- Install configuration: ""
[0.556s] -- Installing: /home/rhmona/robot_ws/install/my_robot_description/share/my_robot_description/urdf
[0.556s] -- Installing: /home/rhmona/robot_ws/install/my_robot_description/share/my_robot_description/urdf/my_robot.urdf.xacro
[0.556s] -- Installing: /home/rhmona/robot_ws/install/my_robot_description/share/my_robot_description/launch
[0.556s] -- Installing: /home/rhmona/robot_ws/install/my_robot_description/share/my_robot_description/worlds
[0.556s] -- Installing: /home/rhmona/robot_ws/install/my_robot_description/share/my_robot_description/worlds/my_world.world
[0.556s] -- Installing: /home/rhmona/robot_ws/install/my_robot_description/share/ament_index/resource_index/package_run_dependencies/my_robot_description
[0.557s] -- Installing: /home/rhmona/robot_ws/install/my_robot_description/share/ament_index/resource_index/parent_prefix_path/my_robot_description
[0.557s] -- Installing: /home/rhmona/robot_ws/install/my_robot_description/share/my_robot_description/environment/ament_prefix_path.sh
[0.557s] -- Installing: /home/rhmona/robot_ws/install/my_robot_description/share/my_robot_description/environment/ament_prefix_path.dsv
[0.557s] -- Installing: /home/rhmona/robot_ws/install/my_robot_description/share/my_robot_description/environment/path.sh
[0.557s] -- Installing: /home/rhmona/robot_ws/install/my_robot_description/share/my_robot_description/environment/path.dsv
[0.557s] -- Installing: /home/rhmona/robot_ws/install/my_robot_description/share/my_robot_description/local_setup.bash
[0.557s] -- Installing: /home/rhmona/robot_ws/install/my_robot_description/share/my_robot_description/local_setup.sh
[0.559s] -- Installing: /home/rhmona/robot_ws/install/my_robot_description/share/my_robot_description/local_setup.zsh
[0.559s] -- Installing: /home/rhmona/robot_ws/install/my_robot_description/share/my_robot_description/local_setup.dsv
[0.559s] -- Installing: /home/rhmona/robot_ws/install/my_robot_description/share/my_robot_description/package.dsv
[0.559s] -- Installing: /home/rhmona/robot_ws/install/my_robot_description/share/ament_index/resource_index/packages/my_robot_description
[0.559s] -- Installing: /home/rhmona/robot_ws/install/my_robot_description/share/my_robot_description/cmake/my_robot_descriptionConfig.cmake
[0.559s] -- Installing: /home/rhmona/robot_ws/install/my_robot_description/share/my_robot_description/cmake/my_robot_descriptionConfig-version.cmake
[0.559s] -- Installing: /home/rhmona/robot_ws/install/my_robot_description/share/my_robot_description/package.xml
[0.560s] Invoked command in '/home/rhmona/robot_ws/build/my_robot_description' returned '0': CMAKE_PREFIX_PATH=/opt/ros/humble /usr/bin/cmake --install /home/rhmona/robot_ws/build/my_robot_description
