-- Install configuration: ""
-- Up-to-date: /home/rhmona/robot_ws/install/my_robot_bringup/share/ament_index/resource_index/package_run_dependencies/my_robot_bringup
-- Up-to-date: /home/rhmona/robot_ws/install/my_robot_bringup/share/ament_index/resource_index/parent_prefix_path/my_robot_bringup
-- Up-to-date: /home/rhmona/robot_ws/install/my_robot_bringup/share/my_robot_bringup/environment/ament_prefix_path.sh
-- Up-to-date: /home/rhmona/robot_ws/install/my_robot_bringup/share/my_robot_bringup/environment/ament_prefix_path.dsv
-- Up-to-date: /home/rhmona/robot_ws/install/my_robot_bringup/share/my_robot_bringup/environment/path.sh
-- Up-to-date: /home/rhmona/robot_ws/install/my_robot_bringup/share/my_robot_bringup/environment/path.dsv
-- Up-to-date: /home/rhmona/robot_ws/install/my_robot_bringup/share/my_robot_bringup/local_setup.bash
-- Up-to-date: /home/rhmona/robot_ws/install/my_robot_bringup/share/my_robot_bringup/local_setup.sh
-- Up-to-date: /home/rhmona/robot_ws/install/my_robot_bringup/share/my_robot_bringup/local_setup.zsh
-- Up-to-date: /home/rhmona/robot_ws/install/my_robot_bringup/share/my_robot_bringup/local_setup.dsv
-- Installing: /home/rhmona/robot_ws/install/my_robot_bringup/share/my_robot_bringup/package.dsv
-- Up-to-date: /home/rhmona/robot_ws/install/my_robot_bringup/share/ament_index/resource_index/packages/my_robot_bringup
-- Up-to-date: /home/rhmona/robot_ws/install/my_robot_bringup/share/my_robot_bringup/cmake/my_robot_bringupConfig.cmake
-- Up-to-date: /home/rhmona/robot_ws/install/my_robot_bringup/share/my_robot_bringup/cmake/my_robot_bringupConfig-version.cmake
-- Up-to-date: /home/rhmona/robot_ws/install/my_robot_bringup/share/my_robot_bringup/package.xml
-- Up-to-date: /home/rhmona/robot_ws/install/my_robot_bringup/share/my_robot_bringup/launch
-- Up-to-date: /home/rhmona/robot_ws/install/my_robot_bringup/share/my_robot_bringup/launch/gazebo.launch.py
-- Up-to-date: /home/rhmona/robot_ws/install/my_robot_bringup/share/my_robot_bringup/launch/slam.launch.py
-- Installing: /home/rhmona/robot_ws/install/my_robot_bringup/share/my_robot_bringup/launch/navigation.launch.py
-- Up-to-date: /home/rhmona/robot_ws/install/my_robot_bringup/share/my_robot_bringup/maps
-- Up-to-date: /home/rhmona/robot_ws/install/my_robot_bringup/share/my_robot_bringup/maps/my_map.pgm
-- Up-to-date: /home/rhmona/robot_ws/install/my_robot_bringup/share/my_robot_bringup/maps/my_map.yaml
-- Up-to-date: /home/rhmona/robot_ws/install/my_robot_bringup/share/my_robot_bringup/config
-- Up-to-date: /home/rhmona/robot_ws/install/my_robot_bringup/share/my_robot_bringup/config/my_nav2_params.yaml
