[0.013s] Invoking command in '/home/rhmona/robot_ws/build/edges_bringup': CMAKE_PREFIX_PATH=/opt/ros/humble /usr/bin/cmake /home/rhmona/robot_ws/src/edges_bringup -DCMAKE_INSTALL_PREFIX=/home/rhmona/robot_ws/install/edges_bringup
[0.171s] -- The C compiler identification is GNU 11.4.0
[0.172s] -- The CXX compiler identification is GNU 11.4.0
[0.172s] -- Detecting C compiler ABI info
[0.172s] -- Detecting C compiler ABI info - done
[0.172s] -- Check for working C compiler: /usr/bin/cc - skipped
[0.172s] -- Detecting C compile features
[0.172s] -- Detecting C compile features - done
[0.173s] -- Detecting CXX compiler ABI info
[0.211s] -- Detecting CXX compiler ABI info - done
[0.219s] -- Check for working CXX compiler: /usr/bin/c++ - skipped
[0.219s] -- Detecting CXX compile features
[0.220s] -- Detecting CXX compile features - done
[0.222s] -- Found ament_cmake: 1.3.12 (/opt/ros/humble/share/ament_cmake/cmake)
[0.327s] -- Found Python3: /usr/bin/python3 (found version "3.10.12") found components: Interpreter 
[0.441s] -- Configuring done
[0.443s] -- Generating done
[0.444s] -- Build files have been written to: /home/rhmona/robot_ws/build/edges_bringup
[0.448s] Invoked command in '/home/rhmona/robot_ws/build/edges_bringup' returned '0': CMAKE_PREFIX_PATH=/opt/ros/humble /usr/bin/cmake /home/rhmona/robot_ws/src/edges_bringup -DCMAKE_INSTALL_PREFIX=/home/rhmona/robot_ws/install/edges_bringup
[0.449s] Invoking command in '/home/rhmona/robot_ws/build/edges_bringup': CMAKE_PREFIX_PATH=/opt/ros/humble /usr/bin/cmake --build /home/rhmona/robot_ws/build/edges_bringup -- -j16 -l16
[0.482s] Invoked command in '/home/rhmona/robot_ws/build/edges_bringup' returned '0': CMAKE_PREFIX_PATH=/opt/ros/humble /usr/bin/cmake --build /home/rhmona/robot_ws/build/edges_bringup -- -j16 -l16
[0.491s] Invoking command in '/home/rhmona/robot_ws/build/edges_bringup': CMAKE_PREFIX_PATH=/opt/ros/humble /usr/bin/cmake --install /home/rhmona/robot_ws/build/edges_bringup
[0.498s] -- Install configuration: ""
[0.498s] -- Installing: /home/rhmona/robot_ws/install/edges_bringup/share/edges_bringup//launch
[0.498s] -- Installing: /home/rhmona/robot_ws/install/edges_bringup/share/edges_bringup//launch/desktop.ini
[0.498s] -- Installing: /home/rhmona/robot_ws/install/edges_bringup/share/edges_bringup//launch/edges_gazebo.launch.py
[0.498s] -- Installing: /home/rhmona/robot_ws/install/edges_bringup/share/ament_index/resource_index/package_run_dependencies/edges_bringup
[0.498s] -- Installing: /home/rhmona/robot_ws/install/edges_bringup/share/ament_index/resource_index/parent_prefix_path/edges_bringup
[0.499s] -- Installing: /home/rhmona/robot_ws/install/edges_bringup/share/edges_bringup/environment/ament_prefix_path.sh
[0.499s] -- Installing: /home/rhmona/robot_ws/install/edges_bringup/share/edges_bringup/environment/ament_prefix_path.dsv
[0.499s] -- Installing: /home/rhmona/robot_ws/install/edges_bringup/share/edges_bringup/environment/path.sh
[0.499s] -- Installing: /home/rhmona/robot_ws/install/edges_bringup/share/edges_bringup/environment/path.dsv
[0.499s] -- Installing: /home/rhmona/robot_ws/install/edges_bringup/share/edges_bringup/local_setup.bash
[0.499s] -- Installing: /home/rhmona/robot_ws/install/edges_bringup/share/edges_bringup/local_setup.sh
[0.499s] -- Installing: /home/rhmona/robot_ws/install/edges_bringup/share/edges_bringup/local_setup.zsh
[0.499s] -- Installing: /home/rhmona/robot_ws/install/edges_bringup/share/edges_bringup/local_setup.dsv
[0.499s] -- Installing: /home/rhmona/robot_ws/install/edges_bringup/share/edges_bringup/package.dsv
[0.500s] -- Installing: /home/rhmona/robot_ws/install/edges_bringup/share/ament_index/resource_index/packages/edges_bringup
[0.500s] -- Installing: /home/rhmona/robot_ws/install/edges_bringup/share/edges_bringup/cmake/edges_bringupConfig.cmake
[0.500s] -- Installing: /home/rhmona/robot_ws/install/edges_bringup/share/edges_bringup/cmake/edges_bringupConfig-version.cmake
[0.500s] -- Installing: /home/rhmona/robot_ws/install/edges_bringup/share/edges_bringup/package.xml
[0.502s] Invoked command in '/home/rhmona/robot_ws/build/edges_bringup' returned '0': CMAKE_PREFIX_PATH=/opt/ros/humble /usr/bin/cmake --install /home/rhmona/robot_ws/build/edges_bringup
