[0.018s] Invoking command in '/home/rhmona/robot_ws/build/my_robot_bringup': CMAKE_PREFIX_PATH=/opt/ros/humble /usr/bin/cmake --build /home/rhmona/robot_ws/build/my_robot_bringup -- -j16 -l16
[0.304s] Invoked command in '/home/rhmona/robot_ws/build/my_robot_bringup' returned '0': CMAKE_PREFIX_PATH=/opt/ros/humble /usr/bin/cmake --build /home/rhmona/robot_ws/build/my_robot_bringup -- -j16 -l16
[0.308s] Invoking command in '/home/rhmona/robot_ws/build/my_robot_bringup': CMAKE_PREFIX_PATH=/opt/ros/humble /usr/bin/cmake --install /home/rhmona/robot_ws/build/my_robot_bringup
[0.315s] -- Install configuration: ""
[0.315s] -- Up-to-date: /home/rhmona/robot_ws/install/my_robot_bringup/share/ament_index/resource_index/package_run_dependencies/my_robot_bringup
[0.315s] -- Up-to-date: /home/rhmona/robot_ws/install/my_robot_bringup/share/ament_index/resource_index/parent_prefix_path/my_robot_bringup
[0.315s] -- Up-to-date: /home/rhmona/robot_ws/install/my_robot_bringup/share/my_robot_bringup/environment/ament_prefix_path.sh
[0.315s] -- Up-to-date: /home/rhmona/robot_ws/install/my_robot_bringup/share/my_robot_bringup/environment/ament_prefix_path.dsv
[0.315s] -- Up-to-date: /home/rhmona/robot_ws/install/my_robot_bringup/share/my_robot_bringup/environment/path.sh
[0.316s] -- Up-to-date: /home/rhmona/robot_ws/install/my_robot_bringup/share/my_robot_bringup/environment/path.dsv
[0.316s] -- Up-to-date: /home/rhmona/robot_ws/install/my_robot_bringup/share/my_robot_bringup/local_setup.bash
[0.316s] -- Up-to-date: /home/rhmona/robot_ws/install/my_robot_bringup/share/my_robot_bringup/local_setup.sh
[0.316s] -- Up-to-date: /home/rhmona/robot_ws/install/my_robot_bringup/share/my_robot_bringup/local_setup.zsh
[0.316s] -- Up-to-date: /home/rhmona/robot_ws/install/my_robot_bringup/share/my_robot_bringup/local_setup.dsv
[0.316s] -- Installing: /home/rhmona/robot_ws/install/my_robot_bringup/share/my_robot_bringup/package.dsv
[0.316s] -- Up-to-date: /home/rhmona/robot_ws/install/my_robot_bringup/share/ament_index/resource_index/packages/my_robot_bringup
[0.316s] -- Up-to-date: /home/rhmona/robot_ws/install/my_robot_bringup/share/my_robot_bringup/cmake/my_robot_bringupConfig.cmake
[0.316s] -- Up-to-date: /home/rhmona/robot_ws/install/my_robot_bringup/share/my_robot_bringup/cmake/my_robot_bringupConfig-version.cmake
[0.316s] -- Up-to-date: /home/rhmona/robot_ws/install/my_robot_bringup/share/my_robot_bringup/package.xml
[0.317s] -- Up-to-date: /home/rhmona/robot_ws/install/my_robot_bringup/share/my_robot_bringup/launch
[0.317s] -- Up-to-date: /home/rhmona/robot_ws/install/my_robot_bringup/share/my_robot_bringup/launch/gazebo.launch.py
[0.317s] -- Up-to-date: /home/rhmona/robot_ws/install/my_robot_bringup/share/my_robot_bringup/launch/slam.launch.py
[0.317s] -- Up-to-date: /home/rhmona/robot_ws/install/my_robot_bringup/share/my_robot_bringup/launch/navigation.launch.py
[0.317s] -- Up-to-date: /home/rhmona/robot_ws/install/my_robot_bringup/share/my_robot_bringup/maps
[0.317s] -- Up-to-date: /home/rhmona/robot_ws/install/my_robot_bringup/share/my_robot_bringup/maps/my_map.pgm
[0.317s] -- Up-to-date: /home/rhmona/robot_ws/install/my_robot_bringup/share/my_robot_bringup/maps/my_map.yaml
[0.317s] -- Up-to-date: /home/rhmona/robot_ws/install/my_robot_bringup/share/my_robot_bringup/config
[0.317s] -- Up-to-date: /home/rhmona/robot_ws/install/my_robot_bringup/share/my_robot_bringup/config/my_nav2_params.yaml
[0.328s] Invoked command in '/home/rhmona/robot_ws/build/my_robot_bringup' returned '0': CMAKE_PREFIX_PATH=/opt/ros/humble /usr/bin/cmake --install /home/rhmona/robot_ws/build/my_robot_bringup
